CRITICAL - 2024-07-17 00:00:27 --> ErrorException: Undefined variable $titulo
[Method: GET, Route: /]
in APPPATH\Views\front\head_view.php on line 6.
 1 APPPATH\Views\front\head_view.php(6): CodeIgniter\Debug\Exceptions->errorHandler(2, 'Undefined variable $titulo', 'C:\\xampp\\htdocs\\ProT3_34145027\\app\\Views\\front\\head_view.php', 6)
 2 SYSTEMPATH\View\View.php(234): include('C:\\xampp\\htdocs\\ProT3_34145027\\app\\Views\\front\\head_view.php')
 3 SYSTEMPATH\View\View.php(237): CodeIgniter\View\View->CodeIgniter\View\{closure}()
 4 SYSTEMPATH\Common.php(1171): CodeIgniter\View\View->render('front/head_view', [], true)
 5 APPPATH\Controllers\Home.php(9): view('front/head_view')
 6 SYSTEMPATH\CodeIgniter.php(933): App\Controllers\Home->index()
 7 SYSTEMPATH\CodeIgniter.php(509): CodeIgniter\CodeIgniter->runController(Object(App\Controllers\Home))
 8 SYSTEMPATH\CodeIgniter.php(355): CodeIgniter\CodeIgniter->handleRequest(null, Object(Config\Cache), false)
 9 SYSTEMPATH\Boot.php(325): CodeIgniter\CodeIgniter->run()
10 SYSTEMPATH\Boot.php(67): CodeIgniter\Boot::runCodeIgniter(Object(CodeIgniter\CodeIgniter))
11 FCPATH\index.php(56): CodeIgniter\Boot::bootWeb(Object(Config\Paths))
CRITICAL - 2024-07-17 00:04:54 --> ErrorException: Undefined variable $titulo
[Method: GET, Route: /]
in APPPATH\Views\front\head_view.php on line 6.
 1 APPPATH\Views\front\head_view.php(6): CodeIgniter\Debug\Exceptions->errorHandler(2, 'Undefined variable $titulo', 'C:\\xampp\\htdocs\\ProT3_34145027\\app\\Views\\front\\head_view.php', 6)
 2 SYSTEMPATH\View\View.php(234): include('C:\\xampp\\htdocs\\ProT3_34145027\\app\\Views\\front\\head_view.php')
 3 SYSTEMPATH\View\View.php(237): CodeIgniter\View\View->CodeIgniter\View\{closure}()
 4 SYSTEMPATH\Common.php(1171): CodeIgniter\View\View->render('front/head_view', [], true)
 5 APPPATH\Controllers\Home.php(10): view('front/head_view')
 6 SYSTEMPATH\CodeIgniter.php(933): App\Controllers\Home->index()
 7 SYSTEMPATH\CodeIgniter.php(509): CodeIgniter\CodeIgniter->runController(Object(App\Controllers\Home))
 8 SYSTEMPATH\CodeIgniter.php(355): CodeIgniter\CodeIgniter->handleRequest(null, Object(Config\Cache), false)
 9 SYSTEMPATH\Boot.php(325): CodeIgniter\CodeIgniter->run()
10 SYSTEMPATH\Boot.php(67): CodeIgniter\Boot::runCodeIgniter(Object(CodeIgniter\CodeIgniter))
11 FCPATH\index.php(56): CodeIgniter\Boot::bootWeb(Object(Config\Paths))
CRITICAL - 2024-07-17 19:26:45 --> ParseError: syntax error, unexpected single-quoted string ");", expecting ")"
[Method: GET, Route: registro]
in APPPATH\Config\Routes.php on line 18.
 1 SYSTEMPATH\CodeIgniter.php(823): CodeIgniter\Router\RouteCollection->loadRoutes()
 2 SYSTEMPATH\CodeIgniter.php(457): CodeIgniter\CodeIgniter->tryToRouteIt(null)
 3 SYSTEMPATH\CodeIgniter.php(355): CodeIgniter\CodeIgniter->handleRequest(null, Object(Config\Cache), false)
 4 SYSTEMPATH\Boot.php(325): CodeIgniter\CodeIgniter->run()
 5 SYSTEMPATH\Boot.php(67): CodeIgniter\Boot::runCodeIgniter(Object(CodeIgniter\CodeIgniter))
 6 FCPATH\index.php(56): CodeIgniter\Boot::bootWeb(Object(Config\Paths))
